   Compiling num-traits v0.2.19
   Compiling lock_api v0.4.12
   Compiling memoffset v0.9.1
   Compiling aho-corasick v1.1.3
   Compiling env_logger v0.9.3
   Compiling proc-macro2 v1.0.95
   Compiling pyo3-build-config v0.20.3
   Compiling parking_lot_core v0.9.10
   Compiling quanta v0.12.5
   Compiling quote v1.0.40
   Compiling syn v2.0.100
   Compiling parking_lot v0.12.3
   Compiling regex-automata v0.4.9
   Compiling pyo3-ffi v0.20.3
   Compiling pyo3 v0.20.3
   Compiling num-integer v0.1.46
   Compiling ordered-float v3.9.2
   Compiling num-bigint v0.4.6
   Compiling regex v1.11.1
   Compiling pyo3-macros-backend v0.20.3
   Compiling thiserror-impl v1.0.69
   Compiling thiserror v1.0.69
   Compiling egg v0.10.0
   Compiling pyo3-macros v0.20.3
   Compiling rust_part v0.1.0 (/home/xiaoyuj2/mirage/rust_part)
    Finished `release` profile [optimized] target(s) in 7.54s
